<?xml version="1.0" encoding="UTF-8"?>
<TestRun id="86ac4e84-ee61-4677-afb5-0c4f8784a716" name="EJEAJOS@E76431509D484F 2014-04-13 15:36:21" runUser="ERICSSON\EJEAJOS" xmlns="http://microsoft.com/schemas/VisualStudio/TeamTest/2010">
  <TestSettings name="Local" id="ec3d7df0-bd32-4fdb-a1dc-62042eae7c6d">
    <Description>These are default test settings for a local test run.</Description>
    <Deployment enabled="false" runDeploymentRoot="EJEAJOS_E76431509D484F 2014-04-13 15_36_21">
      <DeploymentItem filename="C:\Users\EJEAJOS\Documents\GitHub\EulerProject\EulerProject\bin\Debug\EulerProject.dll" />
    </Deployment>
    <Execution>
      <TestTypeSpecific />
      <AgentRule name="Execution Agents">
      </AgentRule>
    </Execution>
  </TestSettings>
  <Times creation="2014-04-13T15:36:21.8401458-07:00" queuing="2014-04-13T15:36:25.2783425-07:00" start="2014-04-13T15:36:25.7623702-07:00" finish="2014-04-13T15:36:42.2833151-07:00" />
  <ResultSummary outcome="Completed">
    <Counters total="1" executed="1" passed="1" error="0" failed="0" timeout="0" aborted="0" inconclusive="0" passedButRunAborted="0" notRunnable="0" notExecuted="0" disconnected="0" warning="0" completed="0" inProgress="0" pending="0" />
  </ResultSummary>
  <TestDefinitions>
    <UnitTest name="SumEvenFibonacciNumbers_BelowTen_Test" storage="c:\users\ejeajos\documents\github\eulerproject\eulerprojecttest\bin\debug\eulerprojecttest.dll" id="98f1647b-25fa-6d1c-9075-baab8a595509">
      <Execution id="a780908b-43b8-46c0-9261-7a415122414c" />
      <TestMethod codeBase="C:/Users/EJEAJOS/Documents/GitHub/EulerProject/EulerProjectTest/bin/Debug/EulerProjectTest.DLL" adapterTypeName="Microsoft.VisualStudio.TestTools.TestTypes.Unit.UnitTestAdapter, Microsoft.VisualStudio.QualityTools.Tips.UnitTest.Adapter, Version=10.0.0.0, Culture=neutral, PublicKeyToken=b03f5f7f11d50a3a" className="EulerProjectTest.Problem2Test, EulerProjectTest, Version=1.0.0.0, Culture=neutral, PublicKeyToken=null" name="SumEvenFibonacciNumbers_BelowTen_Test" />
    </UnitTest>
  </TestDefinitions>
  <TestLists>
    <TestList name="Results Not in a List" id="8c84fa94-04c1-424b-9868-57a2d4851a1d" />
    <TestList name="All Loaded Results" id="19431567-8539-422a-85d7-44ee4e166bda" />
  </TestLists>
  <TestEntries>
    <TestEntry testId="98f1647b-25fa-6d1c-9075-baab8a595509" executionId="a780908b-43b8-46c0-9261-7a415122414c" testListId="8c84fa94-04c1-424b-9868-57a2d4851a1d" />
  </TestEntries>
  <Results>
    <UnitTestResult executionId="a780908b-43b8-46c0-9261-7a415122414c" testId="98f1647b-25fa-6d1c-9075-baab8a595509" testName="SumEvenFibonacciNumbers_BelowTen_Test" computerName="E76431509D484F" duration="00:00:11.6787100" startTime="2014-04-13T15:36:26.2093957-07:00" endTime="2014-04-13T15:36:42.0463016-07:00" testType="13cdc9d9-ddb5-4fa4-a97d-d965ccfc6d4b" outcome="Passed" testListId="8c84fa94-04c1-424b-9868-57a2d4851a1d" relativeResultsDirectory="a780908b-43b8-46c0-9261-7a415122414c">
    </UnitTestResult>
  </Results>
</TestRun>