<?xml version="1.0" encoding="UTF-8"?>
<TestRun id="ebece509-5184-4fd5-a45c-e639a5d1e3fe" name="EJEAJOS@E76431509D484F 2014-04-13 14:50:36" runUser="ERICSSON\EJEAJOS" xmlns="http://microsoft.com/schemas/VisualStudio/TeamTest/2010">
  <TestSettings name="Local" id="ec3d7df0-bd32-4fdb-a1dc-62042eae7c6d">
    <Description>These are default test settings for a local test run.</Description>
    <Deployment enabled="false" runDeploymentRoot="EJEAJOS_E76431509D484F 2014-04-13 14_50_36">
      <DeploymentItem filename="C:\Users\EJEAJOS\Documents\GitHub\EulerProject\EulerProject\bin\Debug\EulerProject.dll" />
    </Deployment>
    <Execution>
      <TestTypeSpecific />
      <AgentRule name="Execution Agents">
      </AgentRule>
    </Execution>
  </TestSettings>
  <Times creation="2014-04-13T14:50:36.6085204-07:00" queuing="2014-04-13T14:50:37.7045831-07:00" start="2014-04-13T14:50:37.8875935-07:00" finish="2014-04-13T14:50:39.0176582-07:00" />
  <ResultSummary outcome="Failed">
    <Counters total="1" executed="1" error="0" failed="1" timeout="0" aborted="0" inconclusive="0" passedButRunAborted="0" notRunnable="0" notExecuted="0" disconnected="0" warning="0" passed="0" completed="0" inProgress="0" pending="0" />
  </ResultSummary>
  <TestDefinitions>
    <UnitTest name="SumMultiplesTest_Below1000" storage="c:\users\ejeajos\documents\github\eulerproject\eulerprojecttest\bin\debug\eulerprojecttest.dll" id="c0bfa905-0dd8-b028-9368-236bbacb4f96">
      <Execution id="ab4ace7f-850d-4fa5-854f-223db44d7084" />
      <TestMethod codeBase="C:/Users/EJEAJOS/Documents/GitHub/EulerProject/EulerProjectTest/bin/Debug/EulerProjectTest.DLL" adapterTypeName="Microsoft.VisualStudio.TestTools.TestTypes.Unit.UnitTestAdapter, Microsoft.VisualStudio.QualityTools.Tips.UnitTest.Adapter, Version=10.0.0.0, Culture=neutral, PublicKeyToken=b03f5f7f11d50a3a" className="EulerProjectTest.Problem1Test, EulerProjectTest, Version=1.0.0.0, Culture=neutral, PublicKeyToken=null" name="SumMultiplesTest_Below1000" />
    </UnitTest>
  </TestDefinitions>
  <TestLists>
    <TestList name="Results Not in a List" id="8c84fa94-04c1-424b-9868-57a2d4851a1d" />
    <TestList name="All Loaded Results" id="19431567-8539-422a-85d7-44ee4e166bda" />
  </TestLists>
  <TestEntries>
    <TestEntry testId="c0bfa905-0dd8-b028-9368-236bbacb4f96" executionId="ab4ace7f-850d-4fa5-854f-223db44d7084" testListId="8c84fa94-04c1-424b-9868-57a2d4851a1d" />
  </TestEntries>
  <Results>
    <UnitTestResult executionId="ab4ace7f-850d-4fa5-854f-223db44d7084" testId="c0bfa905-0dd8-b028-9368-236bbacb4f96" testName="SumMultiplesTest_Below1000" computerName="E76431509D484F" duration="00:00:00.1244856" startTime="2014-04-13T14:50:37.9855991-07:00" endTime="2014-04-13T14:50:38.8766501-07:00" testType="13cdc9d9-ddb5-4fa4-a97d-d965ccfc6d4b" outcome="Failed" testListId="8c84fa94-04c1-424b-9868-57a2d4851a1d" relativeResultsDirectory="ab4ace7f-850d-4fa5-854f-223db44d7084">
      <Output>
        <ErrorInfo>
          <Message>Assert.AreEqual failed. Expected:&lt;233168&gt;. Actual:&lt;9&gt;. </Message>
          <StackTrace>   at EulerProjectTest.Problem1Test.SumMultiplesTest_Below1000() in C:\Users\EJEAJOS\Documents\GitHub\EulerProject\EulerProjectTest\Problem1Test.cs:line 46
</StackTrace>
        </ErrorInfo>
      </Output>
    </UnitTestResult>
  </Results>
</TestRun>