<?xml version="1.0" encoding="UTF-8"?>
<TestRun id="9089e77f-da4b-400f-ac21-7965b05bf9de" name="EJEAJOS@E76431509D484F 2014-04-13 15:48:56" runUser="ERICSSON\EJEAJOS" xmlns="http://microsoft.com/schemas/VisualStudio/TeamTest/2010">
  <TestSettings name="Local" id="ec3d7df0-bd32-4fdb-a1dc-62042eae7c6d">
    <Description>These are default test settings for a local test run.</Description>
    <Deployment enabled="false" runDeploymentRoot="EJEAJOS_E76431509D484F 2014-04-13 15_48_56">
      <DeploymentItem filename="C:\Users\EJEAJOS\Documents\GitHub\EulerProject\EulerProject\bin\Debug\EulerProject.dll" />
    </Deployment>
    <Execution>
      <TestTypeSpecific />
      <AgentRule name="Execution Agents">
      </AgentRule>
    </Execution>
  </TestSettings>
  <Times creation="2014-04-13T15:48:56.0102819-07:00" queuing="2014-04-13T15:48:59.1284602-07:00" start="2014-04-13T15:48:59.7124936-07:00" finish="2014-04-13T15:50:27.7655300-07:00" />
  <ResultSummary outcome="Error">
    <Counters total="1" executed="1" error="0" failed="0" timeout="0" aborted="1" inconclusive="0" passedButRunAborted="0" notRunnable="0" notExecuted="0" disconnected="0" warning="0" passed="0" completed="0" inProgress="0" pending="0" />
    <RunInfos>
      <RunInfo computerName="E76431509D484F" outcome="Error" timestamp="2014-04-13T15:50:27.7625298-07:00">
        <Text>Test host process exited unexpectedly.</Text>
      </RunInfo>
    </RunInfos>
  </ResultSummary>
  <TestDefinitions>
    <UnitTest name="SumEvenFibonacciNumbers_BelowHundred_Test" storage="c:\users\ejeajos\documents\github\eulerproject\eulerprojecttest\bin\debug\eulerprojecttest.dll" id="1704ccca-9ca4-d6ed-0255-d2f53aa89a3b">
      <Execution id="e510641b-c2e2-42b5-a57f-79255c9b618d" />
      <TestMethod codeBase="C:/Users/EJEAJOS/Documents/GitHub/EulerProject/EulerProjectTest/bin/Debug/EulerProjectTest.DLL" adapterTypeName="Microsoft.VisualStudio.TestTools.TestTypes.Unit.UnitTestAdapter, Microsoft.VisualStudio.QualityTools.Tips.UnitTest.Adapter, Version=10.0.0.0, Culture=neutral, PublicKeyToken=b03f5f7f11d50a3a" className="EulerProjectTest.Problem2Test, EulerProjectTest, Version=1.0.0.0, Culture=neutral, PublicKeyToken=null" name="SumEvenFibonacciNumbers_BelowHundred_Test" />
    </UnitTest>
  </TestDefinitions>
  <TestLists>
    <TestList name="Results Not in a List" id="8c84fa94-04c1-424b-9868-57a2d4851a1d" />
    <TestList name="All Loaded Results" id="19431567-8539-422a-85d7-44ee4e166bda" />
  </TestLists>
  <TestEntries>
    <TestEntry testId="1704ccca-9ca4-d6ed-0255-d2f53aa89a3b" executionId="e510641b-c2e2-42b5-a57f-79255c9b618d" testListId="8c84fa94-04c1-424b-9868-57a2d4851a1d" />
  </TestEntries>
  <Results>
    <UnitTestResult executionId="e510641b-c2e2-42b5-a57f-79255c9b618d" testId="1704ccca-9ca4-d6ed-0255-d2f53aa89a3b" testName="SumEvenFibonacciNumbers_BelowHundred_Test" computerName="E76431509D484F" duration="00:01:27.4830037" startTime="2014-04-13T15:49:00.2825263-07:00" endTime="2014-04-13T15:50:27.7655300-07:00" testType="13cdc9d9-ddb5-4fa4-a97d-d965ccfc6d4b" outcome="Aborted" testListId="8c84fa94-04c1-424b-9868-57a2d4851a1d" relativeResultsDirectory="e510641b-c2e2-42b5-a57f-79255c9b618d">
    </UnitTestResult>
  </Results>
</TestRun>