<?xml version="1.0" encoding="UTF-8"?>
<TestRun id="7974ca42-4c86-486c-a542-d5656a971689" name="EJEAJOS@E76431509D484F 2014-04-08 17:31:24" runUser="ERICSSON\EJEAJOS" xmlns="http://microsoft.com/schemas/VisualStudio/TeamTest/2010">
  <TestSettings name="Local" id="ec3d7df0-bd32-4fdb-a1dc-62042eae7c6d">
    <Description>These are default test settings for a local test run.</Description>
    <Deployment enabled="false" runDeploymentRoot="EJEAJOS_E76431509D484F 2014-04-08 17_31_24">
      <DeploymentItem filename="c:\users\ejeajos\documents\visual studio 2010\Projects\EulerProject\EulerProject\bin\Debug\EulerProject.dll" />
    </Deployment>
    <Execution>
      <TestTypeSpecific />
      <AgentRule name="Execution Agents">
      </AgentRule>
    </Execution>
  </TestSettings>
  <Times creation="2014-04-08T17:31:24.5873236-07:00" queuing="2014-04-08T17:31:27.7345036-07:00" start="2014-04-08T17:31:28.5105480-07:00" finish="2014-04-08T17:33:40.6201043-07:00" />
  <ResultSummary outcome="Error">
    <Counters total="1" executed="1" error="0" failed="0" timeout="0" aborted="1" inconclusive="0" passedButRunAborted="0" notRunnable="0" notExecuted="0" disconnected="0" warning="0" passed="0" completed="0" inProgress="0" pending="0" />
    <RunInfos>
      <RunInfo computerName="E76431509D484F" outcome="Error" timestamp="2014-04-08T17:33:40.6151040-07:00">
        <Text>Test host process exited unexpectedly.</Text>
      </RunInfo>
    </RunInfos>
  </ResultSummary>
  <TestDefinitions>
    <UnitTest name="SumEvenFibonacciNumbers_BelowTen_Test" storage="c:\users\ejeajos\documents\visual studio 2010\projects\eulerproject\eulerprojecttest\bin\debug\eulerprojecttest.dll" id="98f1647b-25fa-6d1c-9075-baab8a595509">
      <Execution id="6116d28b-f796-464f-ae63-6a3a503643ff" />
      <TestMethod codeBase="C:/Users/EJEAJOS/Documents/Visual Studio 2010/Projects/EulerProject/EulerProjectTest/bin/Debug/EulerProjectTest.DLL" adapterTypeName="Microsoft.VisualStudio.TestTools.TestTypes.Unit.UnitTestAdapter, Microsoft.VisualStudio.QualityTools.Tips.UnitTest.Adapter, Version=10.0.0.0, Culture=neutral, PublicKeyToken=b03f5f7f11d50a3a" className="EulerProjectTest.Problem2Test, EulerProjectTest, Version=1.0.0.0, Culture=neutral, PublicKeyToken=null" name="SumEvenFibonacciNumbers_BelowTen_Test" />
    </UnitTest>
  </TestDefinitions>
  <TestLists>
    <TestList name="Results Not in a List" id="8c84fa94-04c1-424b-9868-57a2d4851a1d" />
    <TestList name="All Loaded Results" id="19431567-8539-422a-85d7-44ee4e166bda" />
  </TestLists>
  <TestEntries>
    <TestEntry testId="98f1647b-25fa-6d1c-9075-baab8a595509" executionId="6116d28b-f796-464f-ae63-6a3a503643ff" testListId="8c84fa94-04c1-424b-9868-57a2d4851a1d" />
  </TestEntries>
  <Results>
    <UnitTestResult executionId="6116d28b-f796-464f-ae63-6a3a503643ff" testId="98f1647b-25fa-6d1c-9075-baab8a595509" testName="SumEvenFibonacciNumbers_BelowTen_Test" computerName="E76431509D484F" duration="00:02:11.4925209" startTime="2014-04-08T17:31:29.1265833-07:00" endTime="2014-04-08T17:33:40.6191042-07:00" testType="13cdc9d9-ddb5-4fa4-a97d-d965ccfc6d4b" outcome="Aborted" testListId="8c84fa94-04c1-424b-9868-57a2d4851a1d" relativeResultsDirectory="6116d28b-f796-464f-ae63-6a3a503643ff">
    </UnitTestResult>
  </Results>
</TestRun>